<?xml version="1.0" encoding="UTF-8"?>
<testng-results ignored="0" total="1" passed="1" failed="0" skipped="0">
  <reporter-output>
  </reporter-output>
  <suite started-at="2025-04-17T21:55:15 EDT" name="Default suite" finished-at="2025-04-17T21:55:23 EDT" duration-ms="7874">
    <groups>
    </groups>
    <test started-at="2025-04-17T21:55:15 EDT" name="Default test" finished-at="2025-04-17T21:55:23 EDT" duration-ms="7874">
      <class name="org.wipro.auto.uo.testcases.LoginScenario_Manish">
        <test-method is-config="true" signature="launchBrowser()[pri:0, instance:org.wipro.auto.uo.testcases.LoginScenario_Manish@293a5bf6]" started-at="2025-04-17T21:55:16 EDT" name="launchBrowser" finished-at="2025-04-17T21:55:22 EDT" duration-ms="6262" status="PASS">
          <reporter-output>
          </reporter-output>
        </test-method> <!-- launchBrowser -->
        <test-method signature="tc01_validate_valid_login_func()[pri:0, instance:org.wipro.auto.uo.testcases.LoginScenario_Manish@293a5bf6]" started-at="2025-04-17T21:55:22 EDT" name="tc01_validate_valid_login_func" finished-at="2025-04-17T21:55:23 EDT" duration-ms="1554" status="PASS">
          <reporter-output>
          </reporter-output>
        </test-method> <!-- tc01_validate_valid_login_func -->
        <test-method is-config="true" signature="closeBrowser()[pri:0, instance:org.wipro.auto.uo.testcases.LoginScenario_Manish@293a5bf6]" started-at="2025-04-17T21:55:23 EDT" name="closeBrowser" finished-at="2025-04-17T21:55:23 EDT" duration-ms="1" status="PASS">
          <reporter-output>
          </reporter-output>
        </test-method> <!-- closeBrowser -->
      </class> <!-- org.wipro.auto.uo.testcases.LoginScenario_Manish -->
    </test> <!-- Default test -->
  </suite> <!-- Default suite -->
</testng-results>
